[0.007s] Invoking command in '/home/wangyaoyao/ros2_ws/build/sllidar_ros2': CMAKE_PREFIX_PATH=${CMAKE_PREFIX_PATH}:/opt/ros/humble /usr/bin/cmake /home/wangyaoyao/ros2_ws/src/sllidar_ros2 -DAMENT_CMAKE_SYMLINK_INSTALL=1 -DCMAKE_INSTALL_PREFIX=/home/wangyaoyao/ros2_ws/install/sllidar_ros2
[0.040s] -- Found ament_cmake: 1.3.5 (/opt/ros/humble/share/ament_cmake/cmake)
[0.121s] -- Override CMake install command with custom implementation using symlinks instead of copying resources
[0.128s] -- Found rclcpp: 16.0.5 (/opt/ros/humble/share/rclcpp/cmake)
[0.148s] -- Found rosidl_generator_c: 3.1.5 (/opt/ros/humble/share/rosidl_generator_c/cmake)
[0.150s] -- Found rosidl_adapter: 3.1.5 (/opt/ros/humble/share/rosidl_adapter/cmake)
[0.154s] -- Found rosidl_generator_cpp: 3.1.5 (/opt/ros/humble/share/rosidl_generator_cpp/cmake)
[0.161s] -- Using all available rosidl_typesupport_c: rosidl_typesupport_fastrtps_c;rosidl_typesupport_introspection_c
[0.171s] -- Using all available rosidl_typesupport_cpp: rosidl_typesupport_fastrtps_cpp;rosidl_typesupport_introspection_cpp
[0.207s] -- Found rmw_implementation_cmake: 6.1.1 (/opt/ros/humble/share/rmw_implementation_cmake/cmake)
[0.208s] -- Found rmw_fastrtps_cpp: 6.2.3 (/opt/ros/humble/share/rmw_fastrtps_cpp/cmake)
[0.276s] -- Using RMW implementation 'rmw_fastrtps_cpp' as default
[0.369s] -- Found sensor_msgs: 4.2.3 (/opt/ros/humble/share/sensor_msgs/cmake)
[0.441s] -- Found std_srvs: 4.2.3 (/opt/ros/humble/share/std_srvs/cmake)
[0.491s] -- Configuring done
[0.499s] -- Generating done
[0.500s] -- Build files have been written to: /home/wangyaoyao/ros2_ws/build/sllidar_ros2
[0.505s] Invoked command in '/home/wangyaoyao/ros2_ws/build/sllidar_ros2' returned '0': CMAKE_PREFIX_PATH=${CMAKE_PREFIX_PATH}:/opt/ros/humble /usr/bin/cmake /home/wangyaoyao/ros2_ws/src/sllidar_ros2 -DAMENT_CMAKE_SYMLINK_INSTALL=1 -DCMAKE_INSTALL_PREFIX=/home/wangyaoyao/ros2_ws/install/sllidar_ros2
[0.506s] Invoking command in '/home/wangyaoyao/ros2_ws/build/sllidar_ros2': CMAKE_PREFIX_PATH=${CMAKE_PREFIX_PATH}:/opt/ros/humble /usr/bin/cmake --build /home/wangyaoyao/ros2_ws/build/sllidar_ros2 -- -j16 -l16
[0.527s] [35m[1mConsolidate compiler generated dependencies of target sllidar_client[0m
[0.528s] [35m[1mConsolidate compiler generated dependencies of target sllidar_node[0m
[0.537s] [ 14%] Built target sllidar_client
[0.541s] [100%] Built target sllidar_node
[0.549s] Invoked command in '/home/wangyaoyao/ros2_ws/build/sllidar_ros2' returned '0': CMAKE_PREFIX_PATH=${CMAKE_PREFIX_PATH}:/opt/ros/humble /usr/bin/cmake --build /home/wangyaoyao/ros2_ws/build/sllidar_ros2 -- -j16 -l16
[0.582s] Invoking command in '/home/wangyaoyao/ros2_ws/build/sllidar_ros2': CMAKE_PREFIX_PATH=${CMAKE_PREFIX_PATH}:/opt/ros/humble /usr/bin/cmake --install /home/wangyaoyao/ros2_ws/build/sllidar_ros2
[0.586s] -- Install configuration: ""
[0.586s] -- Execute custom install script
[0.587s] -- Up-to-date symlink: /home/wangyaoyao/ros2_ws/install/sllidar_ros2/share/sllidar_ros2/launch/sllidar_a1_launch.py
[0.587s] -- Up-to-date symlink: /home/wangyaoyao/ros2_ws/install/sllidar_ros2/share/sllidar_ros2/launch/sllidar_a2m12_launch .py
[0.587s] -- Up-to-date symlink: /home/wangyaoyao/ros2_ws/install/sllidar_ros2/share/sllidar_ros2/launch/sllidar_a2m7_launch.py
[0.587s] -- Up-to-date symlink: /home/wangyaoyao/ros2_ws/install/sllidar_ros2/share/sllidar_ros2/launch/sllidar_a2m8_launch.py
[0.587s] -- Up-to-date symlink: /home/wangyaoyao/ros2_ws/install/sllidar_ros2/share/sllidar_ros2/launch/sllidar_a3_launch.py
[0.587s] -- Up-to-date symlink: /home/wangyaoyao/ros2_ws/install/sllidar_ros2/share/sllidar_ros2/launch/sllidar_s1_launch.py
[0.587s] -- Up-to-date symlink: /home/wangyaoyao/ros2_ws/install/sllidar_ros2/share/sllidar_ros2/launch/sllidar_s1_tcp_launch.py
[0.587s] -- Up-to-date symlink: /home/wangyaoyao/ros2_ws/install/sllidar_ros2/share/sllidar_ros2/launch/sllidar_s2_launch.py
[0.587s] -- Up-to-date symlink: /home/wangyaoyao/ros2_ws/install/sllidar_ros2/share/sllidar_ros2/launch/sllidar_s2e_launch.py
[0.587s] -- Up-to-date symlink: /home/wangyaoyao/ros2_ws/install/sllidar_ros2/share/sllidar_ros2/launch/sllidar_s3_launch.py
[0.587s] -- Up-to-date symlink: /home/wangyaoyao/ros2_ws/install/sllidar_ros2/share/sllidar_ros2/launch/sllidar_t1_launch.py
[0.587s] -- Up-to-date symlink: /home/wangyaoyao/ros2_ws/install/sllidar_ros2/share/sllidar_ros2/launch/view_sllidar_a1_launch.py
[0.587s] -- Up-to-date symlink: /home/wangyaoyao/ros2_ws/install/sllidar_ros2/share/sllidar_ros2/launch/view_sllidar_a2m12_launch.py
[0.587s] -- Up-to-date symlink: /home/wangyaoyao/ros2_ws/install/sllidar_ros2/share/sllidar_ros2/launch/view_sllidar_a2m7_launch.py
[0.587s] -- Up-to-date symlink: /home/wangyaoyao/ros2_ws/install/sllidar_ros2/share/sllidar_ros2/launch/view_sllidar_a2m8_launch.py
[0.587s] -- Up-to-date symlink: /home/wangyaoyao/ros2_ws/install/sllidar_ros2/share/sllidar_ros2/launch/view_sllidar_a3_launch.py
[0.587s] -- Up-to-date symlink: /home/wangyaoyao/ros2_ws/install/sllidar_ros2/share/sllidar_ros2/launch/view_sllidar_s1_launch.py
[0.587s] -- Up-to-date symlink: /home/wangyaoyao/ros2_ws/install/sllidar_ros2/share/sllidar_ros2/launch/view_sllidar_s1_tcp_launch.py
[0.587s] -- Up-to-date symlink: /home/wangyaoyao/ros2_ws/install/sllidar_ros2/share/sllidar_ros2/launch/view_sllidar_s2_launch.py
[0.587s] -- Up-to-date symlink: /home/wangyaoyao/ros2_ws/install/sllidar_ros2/share/sllidar_ros2/launch/view_sllidar_s2e_launch.py
[0.587s] -- Up-to-date symlink: /home/wangyaoyao/ros2_ws/install/sllidar_ros2/share/sllidar_ros2/launch/view_sllidar_s3_launch.py
[0.587s] -- Up-to-date symlink: /home/wangyaoyao/ros2_ws/install/sllidar_ros2/share/sllidar_ros2/launch/view_sllidar_t1_launch.py
[0.588s] -- Up-to-date symlink: /home/wangyaoyao/ros2_ws/install/sllidar_ros2/share/sllidar_ros2/rviz/sllidar_ros2.rviz
[0.588s] -- Up-to-date symlink: /home/wangyaoyao/ros2_ws/install/sllidar_ros2/lib/sllidar_ros2/sllidar_node
[0.588s] -- Up-to-date symlink: /home/wangyaoyao/ros2_ws/install/sllidar_ros2/lib/sllidar_ros2/sllidar_client
[0.588s] -- Up-to-date symlink: /home/wangyaoyao/ros2_ws/install/sllidar_ros2/share/ament_index/resource_index/package_run_dependencies/sllidar_ros2
[0.588s] -- Up-to-date symlink: /home/wangyaoyao/ros2_ws/install/sllidar_ros2/share/ament_index/resource_index/parent_prefix_path/sllidar_ros2
[0.588s] -- Up-to-date symlink: /home/wangyaoyao/ros2_ws/install/sllidar_ros2/share/sllidar_ros2/environment/ament_prefix_path.sh
[0.588s] -- Up-to-date symlink: /home/wangyaoyao/ros2_ws/install/sllidar_ros2/share/sllidar_ros2/environment/ament_prefix_path.dsv
[0.588s] -- Up-to-date symlink: /home/wangyaoyao/ros2_ws/install/sllidar_ros2/share/sllidar_ros2/environment/path.sh
[0.588s] -- Up-to-date symlink: /home/wangyaoyao/ros2_ws/install/sllidar_ros2/share/sllidar_ros2/environment/path.dsv
[0.588s] -- Up-to-date symlink: /home/wangyaoyao/ros2_ws/install/sllidar_ros2/share/sllidar_ros2/local_setup.bash
[0.588s] -- Up-to-date symlink: /home/wangyaoyao/ros2_ws/install/sllidar_ros2/share/sllidar_ros2/local_setup.sh
[0.588s] -- Up-to-date symlink: /home/wangyaoyao/ros2_ws/install/sllidar_ros2/share/sllidar_ros2/local_setup.zsh
[0.588s] -- Up-to-date symlink: /home/wangyaoyao/ros2_ws/install/sllidar_ros2/share/sllidar_ros2/local_setup.dsv
[0.588s] -- Symlinking: /home/wangyaoyao/ros2_ws/install/sllidar_ros2/share/sllidar_ros2/package.dsv
[0.593s] -- Up-to-date symlink: /home/wangyaoyao/ros2_ws/install/sllidar_ros2/share/ament_index/resource_index/packages/sllidar_ros2
[0.593s] -- Up-to-date symlink: /home/wangyaoyao/ros2_ws/install/sllidar_ros2/share/sllidar_ros2/cmake/ament_cmake_export_dependencies-extras.cmake
[0.593s] -- Up-to-date symlink: /home/wangyaoyao/ros2_ws/install/sllidar_ros2/share/sllidar_ros2/cmake/ament_cmake_export_include_directories-extras.cmake
[0.593s] -- Up-to-date symlink: /home/wangyaoyao/ros2_ws/install/sllidar_ros2/share/sllidar_ros2/cmake/sllidar_ros2Config.cmake
[0.593s] -- Up-to-date symlink: /home/wangyaoyao/ros2_ws/install/sllidar_ros2/share/sllidar_ros2/cmake/sllidar_ros2Config-version.cmake
[0.593s] -- Up-to-date symlink: /home/wangyaoyao/ros2_ws/install/sllidar_ros2/share/sllidar_ros2/package.xml
[0.594s] Invoked command in '/home/wangyaoyao/ros2_ws/build/sllidar_ros2' returned '0': CMAKE_PREFIX_PATH=${CMAKE_PREFIX_PATH}:/opt/ros/humble /usr/bin/cmake --install /home/wangyaoyao/ros2_ws/build/sllidar_ros2
