[0.165s] DEBUG:colcon:Command line arguments: ['/usr/bin/colcon', 'build']
[0.165s] DEBUG:colcon:Parsed command line arguments: Namespace(log_base=None, log_level=None, verb_name='build', build_base='build', install_base='install', merge_install=False, symlink_install=False, test_result_base=None, continue_on_error=False, executor='parallel', parallel_workers=16, event_handlers=None, ignore_user_meta=False, metas=['./colcon.meta'], base_paths=['.'], packages_ignore=None, packages_ignore_regex=None, paths=None, packages_up_to=None, packages_up_to_regex=None, packages_above=None, packages_above_and_dependencies=None, packages_above_depth=None, packages_select_by_dep=None, packages_skip_by_dep=None, packages_skip_up_to=None, packages_select_build_failed=False, packages_skip_build_finished=False, packages_select_test_failures=False, packages_skip_test_passed=False, packages_select=None, packages_skip=None, packages_select_regex=None, packages_skip_regex=None, packages_start=None, packages_end=None, allow_overriding=[], cmake_args=None, cmake_target=None, cmake_target_skip_unavailable=False, cmake_clean_cache=False, cmake_clean_first=False, cmake_force_configure=False, ament_cmake_args=None, catkin_cmake_args=None, catkin_skip_building_tests=False, verb_parser=<colcon_defaults.argument_parser.defaults.DefaultArgumentsDecorator object at 0x7ff0a62a6ad0>, verb_extension=<colcon_core.verb.build.BuildVerb object at 0x7ff0a6a9e8f0>, main=<bound method BuildVerb.main of <colcon_core.verb.build.BuildVerb object at 0x7ff0a6a9e8f0>>)
[0.182s] Level 1:colcon.colcon_core.package_discovery:discover_packages(colcon_meta) check parameters
[0.182s] Level 1:colcon.colcon_core.package_discovery:discover_packages(recursive) check parameters
[0.182s] Level 1:colcon.colcon_core.package_discovery:discover_packages(ignore) check parameters
[0.182s] Level 1:colcon.colcon_core.package_discovery:discover_packages(path) check parameters
[0.182s] Level 1:colcon.colcon_core.package_discovery:discover_packages(colcon_meta) discover
[0.182s] Level 1:colcon.colcon_core.package_discovery:discover_packages(recursive) discover
[0.182s] INFO:colcon.colcon_core.package_discovery:Crawling recursively for packages in '/home/wangyaoyao/ros2_ws/src'
[0.182s] Level 1:colcon.colcon_core.package_identification:_identify(.) by extensions ['ignore', 'ignore_ament_install']
[0.182s] Level 1:colcon.colcon_core.package_identification:_identify(.) by extension 'ignore'
[0.182s] Level 1:colcon.colcon_core.package_identification:_identify(.) by extension 'ignore_ament_install'
[0.183s] Level 1:colcon.colcon_core.package_identification:_identify(.) by extensions ['colcon_pkg']
[0.183s] Level 1:colcon.colcon_core.package_identification:_identify(.) by extension 'colcon_pkg'
[0.183s] Level 1:colcon.colcon_core.package_identification:_identify(.) by extensions ['colcon_meta']
[0.183s] Level 1:colcon.colcon_core.package_identification:_identify(.) by extension 'colcon_meta'
[0.183s] Level 1:colcon.colcon_core.package_identification:_identify(.) by extensions ['ros']
[0.183s] Level 1:colcon.colcon_core.package_identification:_identify(.) by extension 'ros'
[0.189s] Level 1:colcon.colcon_core.package_identification:_identify(.) by extensions ['cmake', 'python']
[0.189s] Level 1:colcon.colcon_core.package_identification:_identify(.) by extension 'cmake'
[0.189s] Level 1:colcon.colcon_core.package_identification:_identify(.) by extension 'python'
[0.189s] Level 1:colcon.colcon_core.package_identification:_identify(.) by extensions ['python_setup_py']
[0.189s] Level 1:colcon.colcon_core.package_identification:_identify(.) by extension 'python_setup_py'
[0.189s] Level 1:colcon.colcon_core.package_identification:_identify(build) by extensions ['ignore', 'ignore_ament_install']
[0.189s] Level 1:colcon.colcon_core.package_identification:_identify(build) by extension 'ignore'
[0.189s] Level 1:colcon.colcon_core.package_identification:_identify(build) ignored
[0.189s] Level 1:colcon.colcon_core.package_identification:_identify(install) by extensions ['ignore', 'ignore_ament_install']
[0.189s] Level 1:colcon.colcon_core.package_identification:_identify(install) by extension 'ignore'
[0.189s] Level 1:colcon.colcon_core.package_identification:_identify(install) ignored
[0.189s] Level 1:colcon.colcon_core.package_identification:_identify(log) by extensions ['ignore', 'ignore_ament_install']
[0.189s] Level 1:colcon.colcon_core.package_identification:_identify(log) by extension 'ignore'
[0.189s] Level 1:colcon.colcon_core.package_identification:_identify(log) ignored
[0.189s] Level 1:colcon.colcon_core.package_identification:_identify(sllidar_ros2) by extensions ['ignore', 'ignore_ament_install']
[0.189s] Level 1:colcon.colcon_core.package_identification:_identify(sllidar_ros2) by extension 'ignore'
[0.189s] Level 1:colcon.colcon_core.package_identification:_identify(sllidar_ros2) by extension 'ignore_ament_install'
[0.190s] Level 1:colcon.colcon_core.package_identification:_identify(sllidar_ros2) by extensions ['colcon_pkg']
[0.190s] Level 1:colcon.colcon_core.package_identification:_identify(sllidar_ros2) by extension 'colcon_pkg'
[0.190s] Level 1:colcon.colcon_core.package_identification:_identify(sllidar_ros2) by extensions ['colcon_meta']
[0.190s] Level 1:colcon.colcon_core.package_identification:_identify(sllidar_ros2) by extension 'colcon_meta'
[0.190s] Level 1:colcon.colcon_core.package_identification:_identify(sllidar_ros2) by extensions ['ros']
[0.190s] Level 1:colcon.colcon_core.package_identification:_identify(sllidar_ros2) by extension 'ros'
[0.191s] DEBUG:colcon.colcon_core.package_identification:Package 'sllidar_ros2' with type 'ros.ament_cmake' and name 'sllidar_ros2'
[0.191s] Level 1:colcon.colcon_core.package_discovery:discover_packages(recursive) using defaults
[0.191s] Level 1:colcon.colcon_core.package_discovery:discover_packages(ignore) discover
[0.191s] Level 1:colcon.colcon_core.package_discovery:discover_packages(ignore) using defaults
[0.191s] Level 1:colcon.colcon_core.package_discovery:discover_packages(path) discover
[0.191s] Level 1:colcon.colcon_core.package_discovery:discover_packages(path) using defaults
[0.204s] Level 1:colcon.colcon_core.package_discovery:discover_packages(prefix_path) check parameters
[0.204s] Level 1:colcon.colcon_core.package_discovery:discover_packages(prefix_path) discover
[0.205s] DEBUG:colcon.colcon_installed_package_information.package_discovery:Found 4 installed packages in /home/wangyaoyao/fishbot/install
[0.206s] DEBUG:colcon.colcon_installed_package_information.package_discovery:Found 326 installed packages in /opt/ros/humble
[0.207s] Level 1:colcon.colcon_core.package_discovery:discover_packages(prefix_path) using defaults
[0.238s] Level 5:colcon.colcon_core.verb:set package 'sllidar_ros2' build argument 'cmake_args' from command line to 'None'
[0.238s] Level 5:colcon.colcon_core.verb:set package 'sllidar_ros2' build argument 'cmake_target' from command line to 'None'
[0.238s] Level 5:colcon.colcon_core.verb:set package 'sllidar_ros2' build argument 'cmake_target_skip_unavailable' from command line to 'False'
[0.238s] Level 5:colcon.colcon_core.verb:set package 'sllidar_ros2' build argument 'cmake_clean_cache' from command line to 'False'
[0.238s] Level 5:colcon.colcon_core.verb:set package 'sllidar_ros2' build argument 'cmake_clean_first' from command line to 'False'
[0.238s] Level 5:colcon.colcon_core.verb:set package 'sllidar_ros2' build argument 'cmake_force_configure' from command line to 'False'
[0.238s] Level 5:colcon.colcon_core.verb:set package 'sllidar_ros2' build argument 'ament_cmake_args' from command line to 'None'
[0.238s] Level 5:colcon.colcon_core.verb:set package 'sllidar_ros2' build argument 'catkin_cmake_args' from command line to 'None'
[0.238s] Level 5:colcon.colcon_core.verb:set package 'sllidar_ros2' build argument 'catkin_skip_building_tests' from command line to 'False'
[0.238s] DEBUG:colcon.colcon_core.verb:Building package 'sllidar_ros2' with the following arguments: {'ament_cmake_args': None, 'build_base': '/home/wangyaoyao/ros2_ws/src/build/sllidar_ros2', 'catkin_cmake_args': None, 'catkin_skip_building_tests': False, 'cmake_args': None, 'cmake_clean_cache': False, 'cmake_clean_first': False, 'cmake_force_configure': False, 'cmake_target': None, 'cmake_target_skip_unavailable': False, 'install_base': '/home/wangyaoyao/ros2_ws/src/install/sllidar_ros2', 'merge_install': False, 'path': '/home/wangyaoyao/ros2_ws/src/sllidar_ros2', 'symlink_install': False, 'test_result_base': None}
[0.238s] INFO:colcon.colcon_core.executor:Executing jobs using 'parallel' executor
[0.240s] DEBUG:colcon.colcon_parallel_executor.executor.parallel:run_until_complete
[0.240s] INFO:colcon.colcon_ros.task.ament_cmake.build:Building ROS package in '/home/wangyaoyao/ros2_ws/src/sllidar_ros2' with build type 'ament_cmake'
[0.240s] INFO:colcon.colcon_cmake.task.cmake.build:Building CMake package in '/home/wangyaoyao/ros2_ws/src/sllidar_ros2'
[0.242s] INFO:colcon.colcon_core.plugin_system:Skipping extension 'colcon_core.shell.bat': Not used on non-Windows systems
[0.243s] INFO:colcon.colcon_core.shell:Skip shell extension 'powershell' for command environment: Not usable outside of PowerShell
[0.243s] DEBUG:colcon.colcon_core.shell:Skip shell extension 'dsv' for command environment
[0.248s] DEBUG:colcon.colcon_core.event_handler.log_command:Invoking command in '/home/wangyaoyao/ros2_ws/src/build/sllidar_ros2': CMAKE_PREFIX_PATH=${CMAKE_PREFIX_PATH}:/home/wangyaoyao/fishbot/install/fishbot_description:/opt/ros/humble /usr/bin/cmake /home/wangyaoyao/ros2_ws/src/sllidar_ros2 -DCMAKE_INSTALL_PREFIX=/home/wangyaoyao/ros2_ws/src/install/sllidar_ros2
[1.047s] DEBUG:colcon.colcon_core.event_handler.log_command:Invoked command in '/home/wangyaoyao/ros2_ws/src/build/sllidar_ros2' returned '0': CMAKE_PREFIX_PATH=${CMAKE_PREFIX_PATH}:/home/wangyaoyao/fishbot/install/fishbot_description:/opt/ros/humble /usr/bin/cmake /home/wangyaoyao/ros2_ws/src/sllidar_ros2 -DCMAKE_INSTALL_PREFIX=/home/wangyaoyao/ros2_ws/src/install/sllidar_ros2
[1.047s] DEBUG:colcon.colcon_core.event_handler.log_command:Invoking command in '/home/wangyaoyao/ros2_ws/src/build/sllidar_ros2': CMAKE_PREFIX_PATH=${CMAKE_PREFIX_PATH}:/home/wangyaoyao/fishbot/install/fishbot_description:/opt/ros/humble /usr/bin/cmake --build /home/wangyaoyao/ros2_ws/src/build/sllidar_ros2 -- -j16 -l16
[5.919s] DEBUG:colcon.colcon_core.event_handler.log_command:Invoked command in '/home/wangyaoyao/ros2_ws/src/build/sllidar_ros2' returned '0': CMAKE_PREFIX_PATH=${CMAKE_PREFIX_PATH}:/home/wangyaoyao/fishbot/install/fishbot_description:/opt/ros/humble /usr/bin/cmake --build /home/wangyaoyao/ros2_ws/src/build/sllidar_ros2 -- -j16 -l16
[5.948s] DEBUG:colcon.colcon_core.event_handler.log_command:Invoking command in '/home/wangyaoyao/ros2_ws/src/build/sllidar_ros2': CMAKE_PREFIX_PATH=${CMAKE_PREFIX_PATH}:/home/wangyaoyao/fishbot/install/fishbot_description:/opt/ros/humble /usr/bin/cmake --install /home/wangyaoyao/ros2_ws/src/build/sllidar_ros2
[5.958s] Level 1:colcon.colcon_core.environment:create_environment_scripts_only(sllidar_ros2)
[5.959s] DEBUG:colcon.colcon_core.event_handler.log_command:Invoked command in '/home/wangyaoyao/ros2_ws/src/build/sllidar_ros2' returned '0': CMAKE_PREFIX_PATH=${CMAKE_PREFIX_PATH}:/home/wangyaoyao/fishbot/install/fishbot_description:/opt/ros/humble /usr/bin/cmake --install /home/wangyaoyao/ros2_ws/src/build/sllidar_ros2
[5.961s] Level 1:colcon.colcon_core.environment:checking '/home/wangyaoyao/ros2_ws/src/install/sllidar_ros2' for CMake module files
[5.961s] Level 1:colcon.colcon_core.environment:checking '/home/wangyaoyao/ros2_ws/src/install/sllidar_ros2' for CMake config files
[5.962s] Level 1:colcon.colcon_core.shell:create_environment_hook('sllidar_ros2', 'cmake_prefix_path')
[5.962s] INFO:colcon.colcon_core.shell:Creating environment hook '/home/wangyaoyao/ros2_ws/src/install/sllidar_ros2/share/sllidar_ros2/hook/cmake_prefix_path.ps1'
[5.963s] INFO:colcon.colcon_core.shell:Creating environment descriptor '/home/wangyaoyao/ros2_ws/src/install/sllidar_ros2/share/sllidar_ros2/hook/cmake_prefix_path.dsv'
[5.963s] INFO:colcon.colcon_core.shell:Creating environment hook '/home/wangyaoyao/ros2_ws/src/install/sllidar_ros2/share/sllidar_ros2/hook/cmake_prefix_path.sh'
[5.963s] Level 1:colcon.colcon_core.environment:checking '/home/wangyaoyao/ros2_ws/src/install/sllidar_ros2/lib'
[5.963s] Level 1:colcon.colcon_core.environment:checking '/home/wangyaoyao/ros2_ws/src/install/sllidar_ros2/bin'
[5.963s] Level 1:colcon.colcon_core.environment:checking '/home/wangyaoyao/ros2_ws/src/install/sllidar_ros2/lib/pkgconfig/sllidar_ros2.pc'
[5.963s] Level 1:colcon.colcon_core.environment:checking '/home/wangyaoyao/ros2_ws/src/install/sllidar_ros2/lib/python3.10/site-packages'
[5.964s] Level 1:colcon.colcon_core.environment:checking '/home/wangyaoyao/ros2_ws/src/install/sllidar_ros2/bin'
[5.964s] INFO:colcon.colcon_core.shell:Creating package script '/home/wangyaoyao/ros2_ws/src/install/sllidar_ros2/share/sllidar_ros2/package.ps1'
[5.965s] INFO:colcon.colcon_core.shell:Creating package descriptor '/home/wangyaoyao/ros2_ws/src/install/sllidar_ros2/share/sllidar_ros2/package.dsv'
[5.965s] INFO:colcon.colcon_core.shell:Creating package script '/home/wangyaoyao/ros2_ws/src/install/sllidar_ros2/share/sllidar_ros2/package.sh'
[5.965s] INFO:colcon.colcon_core.shell:Creating package script '/home/wangyaoyao/ros2_ws/src/install/sllidar_ros2/share/sllidar_ros2/package.bash'
[5.965s] INFO:colcon.colcon_core.shell:Creating package script '/home/wangyaoyao/ros2_ws/src/install/sllidar_ros2/share/sllidar_ros2/package.zsh'
[5.966s] Level 1:colcon.colcon_core.environment:create_file_with_runtime_dependencies(/home/wangyaoyao/ros2_ws/src/install/sllidar_ros2/share/colcon-core/packages/sllidar_ros2)
[5.990s] Level 1:colcon.colcon_core.environment:create_environment_scripts_only(sllidar_ros2)
[5.991s] Level 1:colcon.colcon_core.environment:checking '/home/wangyaoyao/ros2_ws/src/install/sllidar_ros2' for CMake module files
[5.991s] Level 1:colcon.colcon_core.environment:checking '/home/wangyaoyao/ros2_ws/src/install/sllidar_ros2' for CMake config files
[5.991s] Level 1:colcon.colcon_core.shell:create_environment_hook('sllidar_ros2', 'cmake_prefix_path')
[5.992s] INFO:colcon.colcon_core.shell:Creating environment hook '/home/wangyaoyao/ros2_ws/src/install/sllidar_ros2/share/sllidar_ros2/hook/cmake_prefix_path.ps1'
[5.992s] INFO:colcon.colcon_core.shell:Creating environment descriptor '/home/wangyaoyao/ros2_ws/src/install/sllidar_ros2/share/sllidar_ros2/hook/cmake_prefix_path.dsv'
[5.992s] INFO:colcon.colcon_core.shell:Creating environment hook '/home/wangyaoyao/ros2_ws/src/install/sllidar_ros2/share/sllidar_ros2/hook/cmake_prefix_path.sh'
[5.992s] Level 1:colcon.colcon_core.environment:checking '/home/wangyaoyao/ros2_ws/src/install/sllidar_ros2/lib'
[5.993s] Level 1:colcon.colcon_core.environment:checking '/home/wangyaoyao/ros2_ws/src/install/sllidar_ros2/bin'
[5.993s] Level 1:colcon.colcon_core.environment:checking '/home/wangyaoyao/ros2_ws/src/install/sllidar_ros2/lib/pkgconfig/sllidar_ros2.pc'
[5.993s] Level 1:colcon.colcon_core.environment:checking '/home/wangyaoyao/ros2_ws/src/install/sllidar_ros2/lib/python3.10/site-packages'
[5.993s] Level 1:colcon.colcon_core.environment:checking '/home/wangyaoyao/ros2_ws/src/install/sllidar_ros2/bin'
[5.993s] INFO:colcon.colcon_core.shell:Creating package script '/home/wangyaoyao/ros2_ws/src/install/sllidar_ros2/share/sllidar_ros2/package.ps1'
[5.994s] INFO:colcon.colcon_core.shell:Creating package descriptor '/home/wangyaoyao/ros2_ws/src/install/sllidar_ros2/share/sllidar_ros2/package.dsv'
[5.994s] INFO:colcon.colcon_core.shell:Creating package script '/home/wangyaoyao/ros2_ws/src/install/sllidar_ros2/share/sllidar_ros2/package.sh'
[5.994s] INFO:colcon.colcon_core.shell:Creating package script '/home/wangyaoyao/ros2_ws/src/install/sllidar_ros2/share/sllidar_ros2/package.bash'
[5.994s] INFO:colcon.colcon_core.shell:Creating package script '/home/wangyaoyao/ros2_ws/src/install/sllidar_ros2/share/sllidar_ros2/package.zsh'
[5.995s] Level 1:colcon.colcon_core.environment:create_file_with_runtime_dependencies(/home/wangyaoyao/ros2_ws/src/install/sllidar_ros2/share/colcon-core/packages/sllidar_ros2)
[5.995s] DEBUG:colcon.colcon_parallel_executor.executor.parallel:closing loop
[5.995s] DEBUG:colcon.colcon_parallel_executor.executor.parallel:loop closed
[5.995s] DEBUG:colcon.colcon_parallel_executor.executor.parallel:run_until_complete finished with '0'
[5.995s] DEBUG:colcon.colcon_core.event_reactor:joining thread
[5.999s] INFO:colcon.colcon_core.plugin_system:Skipping extension 'colcon_notification.desktop_notification.terminal_notifier': Not used on non-Darwin systems
[5.999s] INFO:colcon.colcon_core.plugin_system:Skipping extension 'colcon_notification.desktop_notification.win32': Not used on non-Windows systems
[5.999s] INFO:colcon.colcon_notification.desktop_notification:Sending desktop notification using 'notify2'
[6.006s] DEBUG:colcon.colcon_core.event_reactor:joined thread
[6.007s] INFO:colcon.colcon_core.shell:Creating prefix script '/home/wangyaoyao/ros2_ws/src/install/local_setup.ps1'
[6.008s] INFO:colcon.colcon_core.shell:Creating prefix util module '/home/wangyaoyao/ros2_ws/src/install/_local_setup_util_ps1.py'
[6.008s] INFO:colcon.colcon_core.shell:Creating prefix chain script '/home/wangyaoyao/ros2_ws/src/install/setup.ps1'
[6.009s] INFO:colcon.colcon_core.shell:Creating prefix script '/home/wangyaoyao/ros2_ws/src/install/local_setup.sh'
[6.009s] INFO:colcon.colcon_core.shell:Creating prefix util module '/home/wangyaoyao/ros2_ws/src/install/_local_setup_util_sh.py'
[6.009s] INFO:colcon.colcon_core.shell:Creating prefix chain script '/home/wangyaoyao/ros2_ws/src/install/setup.sh'
[6.010s] INFO:colcon.colcon_core.shell:Creating prefix script '/home/wangyaoyao/ros2_ws/src/install/local_setup.bash'
[6.010s] INFO:colcon.colcon_core.shell:Creating prefix chain script '/home/wangyaoyao/ros2_ws/src/install/setup.bash'
[6.011s] INFO:colcon.colcon_core.shell:Creating prefix script '/home/wangyaoyao/ros2_ws/src/install/local_setup.zsh'
[6.011s] INFO:colcon.colcon_core.shell:Creating prefix chain script '/home/wangyaoyao/ros2_ws/src/install/setup.zsh'
