[0.007s] Invoking command in '/home/wangyaoyao/ros2_ws/build/sllidar_ros2': CMAKE_PREFIX_PATH=/opt/ros/humble /usr/bin/cmake /home/wangyaoyao/ros2_ws/src/sllidar_ros2 -DCMAKE_INSTALL_PREFIX=/home/wangyaoyao/ros2_ws/install/sllidar_ros2
[0.014s] -- Found ament_cmake: 1.3.5 (/opt/ros/humble/share/ament_cmake/cmake)
[0.094s] -- Override CMake install command with custom implementation using symlinks instead of copying resources
[0.098s] -- Found rclcpp: 16.0.5 (/opt/ros/humble/share/rclcpp/cmake)
[0.114s] -- Found rosidl_generator_c: 3.1.5 (/opt/ros/humble/share/rosidl_generator_c/cmake)
[0.115s] -- Found rosidl_adapter: 3.1.5 (/opt/ros/humble/share/rosidl_adapter/cmake)
[0.119s] -- Found rosidl_generator_cpp: 3.1.5 (/opt/ros/humble/share/rosidl_generator_cpp/cmake)
[0.125s] -- Using all available rosidl_typesupport_c: rosidl_typesupport_fastrtps_c;rosidl_typesupport_introspection_c
[0.134s] -- Using all available rosidl_typesupport_cpp: rosidl_typesupport_fastrtps_cpp;rosidl_typesupport_introspection_cpp
[0.166s] -- Found rmw_implementation_cmake: 6.1.1 (/opt/ros/humble/share/rmw_implementation_cmake/cmake)
[0.167s] -- Found rmw_fastrtps_cpp: 6.2.3 (/opt/ros/humble/share/rmw_fastrtps_cpp/cmake)
[0.232s] -- Using RMW implementation 'rmw_fastrtps_cpp' as default
[0.320s] -- Found sensor_msgs: 4.2.3 (/opt/ros/humble/share/sensor_msgs/cmake)
[0.390s] -- Found std_srvs: 4.2.3 (/opt/ros/humble/share/std_srvs/cmake)
[0.444s] -- Configuring done
[0.453s] -- Generating done
[0.453s] -- Build files have been written to: /home/wangyaoyao/ros2_ws/build/sllidar_ros2
[0.458s] Invoked command in '/home/wangyaoyao/ros2_ws/build/sllidar_ros2' returned '0': CMAKE_PREFIX_PATH=/opt/ros/humble /usr/bin/cmake /home/wangyaoyao/ros2_ws/src/sllidar_ros2 -DCMAKE_INSTALL_PREFIX=/home/wangyaoyao/ros2_ws/install/sllidar_ros2
[0.459s] Invoking command in '/home/wangyaoyao/ros2_ws/build/sllidar_ros2': CMAKE_PREFIX_PATH=/opt/ros/humble /usr/bin/cmake --build /home/wangyaoyao/ros2_ws/build/sllidar_ros2 -- -j16 -l16
[0.482s] [35m[1mConsolidate compiler generated dependencies of target sllidar_client[0m
[0.485s] [35m[1mConsolidate compiler generated dependencies of target sllidar_node[0m
[0.491s] [ 14%] Built target sllidar_client
[0.497s] [100%] Built target sllidar_node
[0.503s] Invoked command in '/home/wangyaoyao/ros2_ws/build/sllidar_ros2' returned '0': CMAKE_PREFIX_PATH=/opt/ros/humble /usr/bin/cmake --build /home/wangyaoyao/ros2_ws/build/sllidar_ros2 -- -j16 -l16
[0.532s] Invoking command in '/home/wangyaoyao/ros2_ws/build/sllidar_ros2': CMAKE_PREFIX_PATH=/opt/ros/humble /usr/bin/cmake --install /home/wangyaoyao/ros2_ws/build/sllidar_ros2
[0.536s] -- Install configuration: ""
[0.536s] -- Execute custom install script
[0.537s] -- Up-to-date symlink: /home/wangyaoyao/ros2_ws/install/sllidar_ros2/share/sllidar_ros2/launch/sllidar_a1_launch.py
[0.537s] -- Up-to-date symlink: /home/wangyaoyao/ros2_ws/install/sllidar_ros2/share/sllidar_ros2/launch/sllidar_a2m12_launch .py
[0.537s] -- Up-to-date symlink: /home/wangyaoyao/ros2_ws/install/sllidar_ros2/share/sllidar_ros2/launch/sllidar_a2m7_launch.py
[0.537s] -- Up-to-date symlink: /home/wangyaoyao/ros2_ws/install/sllidar_ros2/share/sllidar_ros2/launch/sllidar_a2m8_launch.py
[0.537s] -- Up-to-date symlink: /home/wangyaoyao/ros2_ws/install/sllidar_ros2/share/sllidar_ros2/launch/sllidar_a3_launch.py
[0.537s] -- Up-to-date symlink: /home/wangyaoyao/ros2_ws/install/sllidar_ros2/share/sllidar_ros2/launch/sllidar_s1_launch.py
[0.537s] -- Up-to-date symlink: /home/wangyaoyao/ros2_ws/install/sllidar_ros2/share/sllidar_ros2/launch/sllidar_s1_tcp_launch.py
[0.537s] -- Up-to-date symlink: /home/wangyaoyao/ros2_ws/install/sllidar_ros2/share/sllidar_ros2/launch/sllidar_s2_launch.py
[0.537s] -- Up-to-date symlink: /home/wangyaoyao/ros2_ws/install/sllidar_ros2/share/sllidar_ros2/launch/sllidar_s2e_launch.py
[0.537s] -- Up-to-date symlink: /home/wangyaoyao/ros2_ws/install/sllidar_ros2/share/sllidar_ros2/launch/sllidar_s3_launch.py
[0.537s] -- Up-to-date symlink: /home/wangyaoyao/ros2_ws/install/sllidar_ros2/share/sllidar_ros2/launch/sllidar_t1_launch.py
[0.537s] -- Up-to-date symlink: /home/wangyaoyao/ros2_ws/install/sllidar_ros2/share/sllidar_ros2/launch/view_sllidar_a1_launch.py
[0.537s] -- Up-to-date symlink: /home/wangyaoyao/ros2_ws/install/sllidar_ros2/share/sllidar_ros2/launch/view_sllidar_a2m12_launch.py
[0.537s] -- Up-to-date symlink: /home/wangyaoyao/ros2_ws/install/sllidar_ros2/share/sllidar_ros2/launch/view_sllidar_a2m7_launch.py
[0.537s] -- Up-to-date symlink: /home/wangyaoyao/ros2_ws/install/sllidar_ros2/share/sllidar_ros2/launch/view_sllidar_a2m8_launch.py
[0.537s] -- Up-to-date symlink: /home/wangyaoyao/ros2_ws/install/sllidar_ros2/share/sllidar_ros2/launch/view_sllidar_a3_launch.py
[0.537s] -- Up-to-date symlink: /home/wangyaoyao/ros2_ws/install/sllidar_ros2/share/sllidar_ros2/launch/view_sllidar_s1_launch.py
[0.537s] -- Up-to-date symlink: /home/wangyaoyao/ros2_ws/install/sllidar_ros2/share/sllidar_ros2/launch/view_sllidar_s1_tcp_launch.py
[0.537s] -- Up-to-date symlink: /home/wangyaoyao/ros2_ws/install/sllidar_ros2/share/sllidar_ros2/launch/view_sllidar_s2_launch.py
[0.537s] -- Up-to-date symlink: /home/wangyaoyao/ros2_ws/install/sllidar_ros2/share/sllidar_ros2/launch/view_sllidar_s2e_launch.py
[0.537s] -- Up-to-date symlink: /home/wangyaoyao/ros2_ws/install/sllidar_ros2/share/sllidar_ros2/launch/view_sllidar_s3_launch.py
[0.537s] -- Up-to-date symlink: /home/wangyaoyao/ros2_ws/install/sllidar_ros2/share/sllidar_ros2/launch/view_sllidar_t1_launch.py
[0.537s] -- Up-to-date symlink: /home/wangyaoyao/ros2_ws/install/sllidar_ros2/share/sllidar_ros2/rviz/sllidar_ros2.rviz
[0.538s] -- Up-to-date symlink: /home/wangyaoyao/ros2_ws/install/sllidar_ros2/lib/sllidar_ros2/sllidar_node
[0.538s] -- Up-to-date symlink: /home/wangyaoyao/ros2_ws/install/sllidar_ros2/lib/sllidar_ros2/sllidar_client
[0.538s] -- Up-to-date symlink: /home/wangyaoyao/ros2_ws/install/sllidar_ros2/share/ament_index/resource_index/package_run_dependencies/sllidar_ros2
[0.538s] -- Up-to-date symlink: /home/wangyaoyao/ros2_ws/install/sllidar_ros2/share/ament_index/resource_index/parent_prefix_path/sllidar_ros2
[0.538s] -- Up-to-date symlink: /home/wangyaoyao/ros2_ws/install/sllidar_ros2/share/sllidar_ros2/environment/ament_prefix_path.sh
[0.538s] -- Up-to-date symlink: /home/wangyaoyao/ros2_ws/install/sllidar_ros2/share/sllidar_ros2/environment/ament_prefix_path.dsv
[0.538s] -- Up-to-date symlink: /home/wangyaoyao/ros2_ws/install/sllidar_ros2/share/sllidar_ros2/environment/path.sh
[0.538s] -- Up-to-date symlink: /home/wangyaoyao/ros2_ws/install/sllidar_ros2/share/sllidar_ros2/environment/path.dsv
[0.538s] -- Up-to-date symlink: /home/wangyaoyao/ros2_ws/install/sllidar_ros2/share/sllidar_ros2/local_setup.bash
[0.538s] -- Up-to-date symlink: /home/wangyaoyao/ros2_ws/install/sllidar_ros2/share/sllidar_ros2/local_setup.sh
[0.538s] -- Up-to-date symlink: /home/wangyaoyao/ros2_ws/install/sllidar_ros2/share/sllidar_ros2/local_setup.zsh
[0.538s] -- Up-to-date symlink: /home/wangyaoyao/ros2_ws/install/sllidar_ros2/share/sllidar_ros2/local_setup.dsv
[0.538s] -- Symlinking: /home/wangyaoyao/ros2_ws/install/sllidar_ros2/share/sllidar_ros2/package.dsv
[0.544s] -- Up-to-date symlink: /home/wangyaoyao/ros2_ws/install/sllidar_ros2/share/ament_index/resource_index/packages/sllidar_ros2
[0.544s] -- Up-to-date symlink: /home/wangyaoyao/ros2_ws/install/sllidar_ros2/share/sllidar_ros2/cmake/ament_cmake_export_dependencies-extras.cmake
[0.544s] -- Up-to-date symlink: /home/wangyaoyao/ros2_ws/install/sllidar_ros2/share/sllidar_ros2/cmake/ament_cmake_export_include_directories-extras.cmake
[0.544s] -- Up-to-date symlink: /home/wangyaoyao/ros2_ws/install/sllidar_ros2/share/sllidar_ros2/cmake/sllidar_ros2Config.cmake
[0.544s] -- Up-to-date symlink: /home/wangyaoyao/ros2_ws/install/sllidar_ros2/share/sllidar_ros2/cmake/sllidar_ros2Config-version.cmake
[0.544s] -- Up-to-date symlink: /home/wangyaoyao/ros2_ws/install/sllidar_ros2/share/sllidar_ros2/package.xml
[0.545s] Invoked command in '/home/wangyaoyao/ros2_ws/build/sllidar_ros2' returned '0': CMAKE_PREFIX_PATH=/opt/ros/humble /usr/bin/cmake --install /home/wangyaoyao/ros2_ws/build/sllidar_ros2
